\BOOKMARK [1][-]{section.1}{Introduction}{}% 1
\BOOKMARK [1][-]{section.2}{Qu'est-ce que JSrealB?}{}% 2
\BOOKMARK [2][-]{subsection.2.1}{Les objets JSrealB}{section.2}% 3
\BOOKMARK [2][-]{subsection.2.2}{Les transformations}{section.2}% 4
\BOOKMARK [2][-]{subsection.2.3}{La propagation}{section.2}% 5
\BOOKMARK [2][-]{subsection.2.4}{Autres fonctionnalit\351s}{section.2}% 6
\BOOKMARK [2][-]{subsection.2.5}{Ex\351cution}{section.2}% 7
\BOOKMARK [2][-]{subsection.2.6}{SimpleNLG-EnFr}{section.2}% 8
\BOOKMARK [1][-]{section.3}{Modifications apport\351es aux syntagmes}{}% 9
\BOOKMARK [2][-]{subsection.3.1}{Syntagme nominal}{section.3}% 10
\BOOKMARK [3][-]{subsubsection.3.1.1}{Pronominalisation}{subsection.3.1}% 11
\BOOKMARK [2][-]{subsection.3.2}{Syntagme verbal}{section.3}% 12
\BOOKMARK [3][-]{subsubsection.3.2.1}{Temps compos\351s}{subsection.3.2}% 13
\BOOKMARK [3][-]{subsubsection.3.2.2}{Accord du participe pass\351}{subsection.3.2}% 14
\BOOKMARK [3][-]{subsubsection.3.2.3}{Les verbes imp\351ratifs}{subsection.3.2}% 15
\BOOKMARK [3][-]{subsubsection.3.2.4}{Les options}{subsection.3.2}% 16
\BOOKMARK [2][-]{subsection.3.3}{Syntagme adjectival}{section.3}% 17
\BOOKMARK [3][-]{subsubsection.3.3.1}{Positionnement de l'adjectif en fran\347ais}{subsection.3.3}% 18
\BOOKMARK [2][-]{subsection.3.4}{Syntagme propositionnel}{section.3}% 19
\BOOKMARK [3][-]{subsubsection.3.4.1}{Utilisation}{subsection.3.4}% 20
\BOOKMARK [3][-]{subsubsection.3.4.2}{Propagation}{subsection.3.4}% 21
\BOOKMARK [2][-]{subsection.3.5}{Syntagme adverbial, pr\351positionnel et coordonn\351}{section.3}% 22
\BOOKMARK [1][-]{section.4}{Les diff\351rents types de phrases}{}% 23
\BOOKMARK [2][-]{subsection.4.1}{Exclamative}{section.4}% 24
\BOOKMARK [2][-]{subsection.4.2}{Interrogative}{section.4}% 25
\BOOKMARK [1][-]{section.5}{Autres modifications}{}% 26
\BOOKMARK [2][-]{subsection.5.1}{Liaison par le trait d'union}{section.5}% 27
\BOOKMARK [2][-]{subsection.5.2}{Clone et d\351r\351f\351rencement}{section.5}% 28
\BOOKMARK [2][-]{subsection.5.3}{\311lision}{section.5}% 29
\BOOKMARK [1][-]{section.6}{R\351sultats}{}% 30
\BOOKMARK [1][-]{section.7}{Limitations et travail futur}{}% 31
\BOOKMARK [1][-]{section.8}{Conclusion}{}% 32
